<?xml version="1.0" encoding="UTF-8"?>
<testng-results ignored="0" total="4" passed="4" failed="0" skipped="0">
  <reporter-output>
  </reporter-output>
  <suite started-at="2019-05-21T14:09:54Z" name="Default suite" finished-at="2019-05-21T14:09:54Z" duration-ms="393">
    <groups>
    </groups>
    <test started-at="2019-05-21T14:09:54Z" name="Default test" finished-at="2019-05-21T14:09:54Z" duration-ms="393">
      <class name="TestCases.TestClass">
        <test-method signature="testLoginPath()[pri:0, instance:TestCases.TestClass@63475ace]" started-at="2019-05-21T14:09:54Z" name="testLoginPath" finished-at="2019-05-21T14:09:54Z" duration-ms="15" status="PASS">
          <reporter-output>
          </reporter-output>
        </test-method> <!-- testLoginPath -->
        <test-method signature="testPath()[pri:0, instance:TestCases.TestClass@63475ace]" started-at="2019-05-21T14:09:54Z" name="testPath" finished-at="2019-05-21T14:09:54Z" duration-ms="2" status="PASS">
          <reporter-output>
          </reporter-output>
        </test-method> <!-- testPath -->
        <test-method signature="testStudentPath()[pri:0, instance:TestCases.TestClass@63475ace]" started-at="2019-05-21T14:09:54Z" name="testStudentPath" finished-at="2019-05-21T14:09:54Z" duration-ms="2" status="PASS">
          <reporter-output>
          </reporter-output>
        </test-method> <!-- testStudentPath -->
        <test-method signature="testTotal()[pri:0, instance:TestCases.TestClass@63475ace]" started-at="2019-05-21T14:09:54Z" name="testTotal" finished-at="2019-05-21T14:09:54Z" duration-ms="326" status="PASS">
          <reporter-output>
          </reporter-output>
        </test-method> <!-- testTotal -->
      </class> <!-- TestCases.TestClass -->
    </test> <!-- Default test -->
  </suite> <!-- Default suite -->
</testng-results>
